<?xml version="1.0" encoding="UTF-8"?>
<!-- Generated by org.testng.reporters.JUnitReportReporter -->
<testsuite skipped="0" hostname="ALI-PC" name="com.actitime.testscript.CreateCustomer" tests="1" failures="0" timestamp="2023-01-26T11:43:09 IST" time="97.508" errors="0">
  <testcase name="toTestCreateCustomer" time="97.508" classname="com.actitime.testscript.CreateCustomer"/>
  <system-out>
    <![CDATA[CreateCustomer]]>
  </system-out>
</testsuite> <!-- com.actitime.testscript.CreateCustomer -->
